<?xml version="1.0" encoding="UTF-8"?>
<testsuites name="testsuit3" time="30" tests="0" failures="1" errors="0">
   <testsuite name="testsuit3" tests="0" failures="1" errors="0" time="30" timestamp="2018-07-25 12:20:34" hostname="slk - WSLK1FFTRFW-22" id="Test Suites/day2/testsuit3">
      <properties>
         <property name="deviceName" value=""/>
         <property name="devicePlatform" value=""/>
         <property name="logFolder" value="C:\\Users\\slk.WSLK1FFTRFW-22.040\\Katalon Studio\\Demo\\Reports\\day2\\testsuit3\\20180725_122033"/>
         <property name="logFiles" value="C:\\Users\\slk.WSLK1FFTRFW-22.040\\Katalon Studio\\Demo\\Reports\\day2\\testsuit3\\20180725_122033\\execution0.log"/>
         <property name="attachments" value="C:\\Users\\slk.WSLK1FFTRFW-22.040\\Katalon Studio\\Demo\\Reports\\day2\\testsuit3\\20180725_122033\\1532501464784.png"/>
         <property name="hostName" value="slk - WSLK1FFTRFW-22"/>
         <property name="os" value="Windows 7 64bit"/>
         <property name="katalonVersion" value="5.5.0.1"/>
         <property name="browser" value="Chrome 67.0.3396.99"/>
         <property name="hostAddress" value="10.10.10.31"/>
         <property name="sessionId" value="9ab2760c3a2872016a2f2b10c3fea895"/>
         <property name="seleniumVersion" value="3.7.1"/>
         <property name="proxyInformation" value="ProxyInformation{proxyOption=NO_PROXY, proxyServerType=HTTP, password=, proxyServerAddress=, proxyServerPort=0}"/>
         <property name="platform" value="Windows 7"/>
      </properties>
      <testcase name="Test Cases/Day2/test3" classname="Test Cases/Day2/test3" status="FAILED">
         <failure type="FAILED" message="Unable to set text (Root cause: java.lang.IllegalArgumentException: Object is null)"/>
         <system-out><![CDATA[2018-07-25 12:20:35 - [TEST_CASE][FAILED] - Test Cases/Day2/test3: Test Cases/Day2/test3 FAILED because (of) Unable to set text (Root cause: java.lang.IllegalArgumentException: Object is null)

2018-07-25 12:20:35 - [TEST_STEP][PASSED] - openBrowser: Browser is opened with url: ''

2018-07-25 12:20:59 - [MESSAGE][PASSED] - Browser is opened with url: ''

2018-07-25 12:20:59 - [TEST_STEP][PASSED] - navigateToUrl: Navigate to 'https://opensource-demo.orangehrmlive.com/' successfully

2018-07-25 12:21:04 - [MESSAGE][PASSED] - Navigate to 'https://opensource-demo.orangehrmlive.com/' successfully

2018-07-25 12:21:04 - [TEST_STEP][FAILED] - setText: Unable to set text (Root cause: java.lang.IllegalArgumentException: Object is null)

2018-07-25 12:21:04 - [MESSAGE][WARNING] - Test object with id 'Object Repository/Page_OrangeHRM/input_txtUsername' does not exist

2018-07-25 12:21:04 - [MESSAGE][WARNING] - Test object with id 'Object Repository/' does not exist

2018-07-25 12:21:05 - [MESSAGE][FAILED] - Unable to set text (Root cause: java.lang.IllegalArgumentException: Object is null)
[[ATTACHMENT|C:\\Users\\slk.WSLK1FFTRFW-22.040\\Katalon Studio\\Demo\\Reports\\day2\\testsuit3\\20180725_122033\\1532501464784.png]]]]></system-out>
         <system-err><![CDATA[2018-07-25 12:20:35 - [TEST_CASE][FAILED] - Test Cases/Day2/test3: Test Cases/Day2/test3 FAILED because (of) Unable to set text (Root cause: java.lang.IllegalArgumentException: Object is null)]]></system-err>
      </testcase>
      <system-out><![CDATA[2018-07-25 12:20:34 - [TEST_SUITE][FAILED] - testsuit3: Test Cases/Day2/test3 FAILED because (of) Unable to set text (Root cause: java.lang.IllegalArgumentException: Object is null)]]></system-out>
      <system-err><![CDATA[2018-07-25 12:20:34 - [TEST_SUITE][FAILED] - testsuit3: Test Cases/Day2/test3 FAILED because (of) Unable to set text (Root cause: java.lang.IllegalArgumentException: Object is null)]]></system-err>
   </testsuite>
</testsuites>
