<?xml version="1.0" encoding="UTF-8"?>
<testsuites name="testuit1" time="35" tests="1" failures="0" errors="0">
   <testsuite name="testuit1" tests="1" failures="0" errors="0" time="35" timestamp="2018-07-25 11:00:54" hostname="slk - WSLK1FFTRFW-22" id="Test Suites/day2/testuit1">
      <properties>
         <property name="deviceName" value=""/>
         <property name="devicePlatform" value=""/>
         <property name="logFolder" value="C:\\Users\\slk.WSLK1FFTRFW-22.040\\Katalon Studio\\Demo\\Reports\\day2\\testuit1\\20180725_110052"/>
         <property name="logFiles" value="C:\\Users\\slk.WSLK1FFTRFW-22.040\\Katalon Studio\\Demo\\Reports\\day2\\testuit1\\20180725_110052\\execution0.log"/>
         <property name="attachments" value=""/>
         <property name="hostName" value="slk - WSLK1FFTRFW-22"/>
         <property name="os" value="Windows 7 64bit"/>
         <property name="katalonVersion" value="5.5.0.1"/>
         <property name="browser" value="Chrome 67.0.3396.99"/>
         <property name="hostAddress" value="10.10.10.31"/>
         <property name="sessionId" value="a3c83803884096adb2662e9796b54f8e"/>
         <property name="seleniumVersion" value="3.7.1"/>
         <property name="proxyInformation" value="ProxyInformation{proxyOption=NO_PROXY, proxyServerType=HTTP, password=, proxyServerAddress=, proxyServerPort=0}"/>
         <property name="platform" value="Windows 7"/>
      </properties>
      <testcase name="Test Cases/Day2/test2" classname="Test Cases/Day2/test2" status="PASSED">
         <system-out><![CDATA[2018-07-25 11:00:55 - [TEST_CASE][PASSED] - Test Cases/Day2/test2: Test Cases/Day2/test2

2018-07-25 11:00:55 - [TEST_STEP][PASSED] - openBrowser: Browser is opened with url: ''

2018-07-25 11:01:19 - [MESSAGE][PASSED] - Browser is opened with url: ''

2018-07-25 11:01:19 - [TEST_STEP][PASSED] - navigateToUrl: Navigate to 'https://opensource-demo.orangehrmlive.com' successfully

2018-07-25 11:01:24 - [MESSAGE][PASSED] - Navigate to 'https://opensource-demo.orangehrmlive.com' successfully

2018-07-25 11:01:24 - [TEST_STEP][PASSED] - click: Object: 'Object Repository/day2/test2/Page_OrangeHRM/span_Username' is clicked on

2018-07-25 11:01:24 - [MESSAGE][PASSED] - Object: 'Object Repository/day2/test2/Page_OrangeHRM/span_Username' is clicked on

2018-07-25 11:01:24 - [TEST_STEP][PASSED] - setText: Text 'Admin' is set on object 'Object Repository/day2/test2/Page_OrangeHRM/input_txtUsername'

2018-07-25 11:01:25 - [MESSAGE][PASSED] - Text 'Admin' is set on object 'Object Repository/day2/test2/Page_OrangeHRM/input_txtUsername'

2018-07-25 11:01:25 - [TEST_STEP][PASSED] - setText: Text 'admin123' is set on object 'Object Repository/day2/test2/Page_OrangeHRM/input_txtPassword'

2018-07-25 11:01:25 - [MESSAGE][PASSED] - Text 'admin123' is set on object 'Object Repository/day2/test2/Page_OrangeHRM/input_txtPassword'

2018-07-25 11:01:25 - [TEST_STEP][PASSED] - click: Object: 'Object Repository/day2/test2/Page_OrangeHRM/input_Submit' is clicked on

2018-07-25 11:01:29 - [MESSAGE][PASSED] - Object: 'Object Repository/day2/test2/Page_OrangeHRM/input_Submit' is clicked on

2018-07-25 11:01:29 - [TEST_STEP][PASSED] - closeBrowser: Browser is closed

2018-07-25 11:01:30 - [MESSAGE][PASSED] - Browser is closed]]></system-out>
         <system-err><![CDATA[]]></system-err>
      </testcase>
      <system-out><![CDATA[2018-07-25 11:00:54 - [TEST_SUITE][PASSED] - testuit1: Test Cases/Day2/test2]]></system-out>
      <system-err><![CDATA[]]></system-err>
   </testsuite>
</testsuites>
