<?xml version="1.0" encoding="UTF-8"?>
<testsuites name="orange" time="41" tests="2" failures="0" errors="1">
   <testsuite name="orange" tests="2" failures="0" errors="1" time="41" timestamp="2018-07-24 16:35:20" hostname="slk - WSLK1FFTRFW-22" id="Test Suites/orange">
      <properties>
         <property name="deviceName" value=""/>
         <property name="devicePlatform" value=""/>
         <property name="logFolder" value="C:\\Users\\slk.WSLK1FFTRFW-22.040\\Katalon Studio\\Demo\\Reports\\orange\\20180724_163518"/>
         <property name="logFiles" value="C:\\Users\\slk.WSLK1FFTRFW-22.040\\Katalon Studio\\Demo\\Reports\\orange\\20180724_163518\\execution0.log"/>
         <property name="attachments" value=""/>
         <property name="hostName" value="slk - WSLK1FFTRFW-22"/>
         <property name="os" value="Windows 7 64bit"/>
         <property name="katalonVersion" value="5.5.0.1"/>
         <property name="browser" value="Chrome 67.0.3396.99"/>
         <property name="hostAddress" value="10.10.10.31"/>
         <property name="sessionId" value="512116dbabeafdc6b54a773382e1a227"/>
         <property name="seleniumVersion" value="3.7.1"/>
         <property name="proxyInformation" value="ProxyInformation{proxyOption=NO_PROXY, proxyServerType=HTTP, password=, proxyServerAddress=, proxyServerPort=0}"/>
         <property name="platform" value="Windows 7"/>
      </properties>
      <testcase name="Test Cases/Login1/login" classname="Test Cases/Login1/login" status="PASSED">
         <system-out><![CDATA[2018-07-24 16:35:20 - [TEST_CASE][PASSED] - Test Cases/Login1/login: Test Cases/Login1/login

2018-07-24 16:35:20 - [TEST_STEP][PASSED] - openBrowser: Browser is opened with url: ''

2018-07-24 16:35:44 - [MESSAGE][PASSED] - Browser is opened with url: ''

2018-07-24 16:35:44 - [TEST_STEP][PASSED] - navigateToUrl: Navigate to 'https://opensource-demo.orangehrmlive.com' successfully

2018-07-24 16:35:49 - [MESSAGE][PASSED] - Navigate to 'https://opensource-demo.orangehrmlive.com' successfully

2018-07-24 16:35:49 - [TEST_STEP][PASSED] - setText: Text 'Admin' is set on object 'Object Repository/Login1objects/Page_OrangeHRM/Page_OrangeHRM/input_txtUsername'

2018-07-24 16:35:49 - [MESSAGE][PASSED] - Text 'Admin' is set on object 'Object Repository/Login1objects/Page_OrangeHRM/Page_OrangeHRM/input_txtUsername'

2018-07-24 16:35:49 - [TEST_STEP][PASSED] - setText: Text 'admin123' is set on object 'Object Repository/Login1objects/Page_OrangeHRM/Page_OrangeHRM/input_txtPassword'

2018-07-24 16:35:49 - [MESSAGE][PASSED] - Text 'admin123' is set on object 'Object Repository/Login1objects/Page_OrangeHRM/Page_OrangeHRM/input_txtPassword'

2018-07-24 16:35:49 - [TEST_STEP][PASSED] - click: Object: 'Object Repository/Login1objects/Page_OrangeHRM/input_Submit' is clicked on

2018-07-24 16:35:52 - [MESSAGE][PASSED] - Object: 'Object Repository/Login1objects/Page_OrangeHRM/input_Submit' is clicked on]]></system-out>
         <system-err><![CDATA[]]></system-err>
      </testcase>
      <testcase name="Test Cases/ValidateLinks/validateLinks" classname="Test Cases/ValidateLinks/validateLinks" status="PASSED">
         <system-out><![CDATA[2018-07-24 16:35:52 - [TEST_CASE][PASSED] - Test Cases/ValidateLinks/validateLinks: Test Cases/ValidateLinks/validateLinks

2018-07-24 16:35:52 - [TEST_STEP][PASSED] - verifyElementPresent: Object 'Object Repository/ValidateLinks/Page_OrangeHRM/b_Directory' is present

2018-07-24 16:35:52 - [MESSAGE][WARNING] - Timeout '0' is invalid. Using default page load timeout: '20'

2018-07-24 16:35:52 - [MESSAGE][PASSED] - Object 'Object Repository/ValidateLinks/Page_OrangeHRM/b_Directory' is present

2018-07-24 16:35:52 - [TEST_STEP][PASSED] - verifyElementPresent: Object 'Object Repository/ValidateLinks/Page_OrangeHRM/b_Leave' is present

2018-07-24 16:35:52 - [MESSAGE][WARNING] - Timeout '0' is invalid. Using default page load timeout: '20'

2018-07-24 16:35:52 - [MESSAGE][PASSED] - Object 'Object Repository/ValidateLinks/Page_OrangeHRM/b_Leave' is present

2018-07-24 16:35:52 - [TEST_STEP][PASSED] - verifyElementPresent: Object 'Object Repository/ValidateLinks/Page_OrangeHRM/b_PIM' is present

2018-07-24 16:35:52 - [MESSAGE][WARNING] - Timeout '0' is invalid. Using default page load timeout: '20'

2018-07-24 16:35:52 - [MESSAGE][PASSED] - Object 'Object Repository/ValidateLinks/Page_OrangeHRM/b_PIM' is present

2018-07-24 16:35:52 - [TEST_STEP][PASSED] - verifyElementPresent: Object 'Object Repository/ValidateLinks/Page_OrangeHRM/b_Recruitment' is present

2018-07-24 16:35:52 - [MESSAGE][WARNING] - Timeout '0' is invalid. Using default page load timeout: '20'

2018-07-24 16:35:52 - [MESSAGE][PASSED] - Object 'Object Repository/ValidateLinks/Page_OrangeHRM/b_Recruitment' is present

2018-07-24 16:35:52 - [TEST_STEP][PASSED] - verifyElementPresent: Object 'Object Repository/ValidateLinks/Page_OrangeHRM/b_Time' is present

2018-07-24 16:35:52 - [MESSAGE][WARNING] - Timeout '0' is invalid. Using default page load timeout: '20'

2018-07-24 16:35:52 - [MESSAGE][PASSED] - Object 'Object Repository/ValidateLinks/Page_OrangeHRM/b_Time' is present]]></system-out>
         <system-err><![CDATA[]]></system-err>
      </testcase>
      <testcase name="Test Cases/Role Change/change Role" classname="Test Cases/Role Change/change Role" status="ERROR">
         <error type="ERROR" message="Test Cases/Role Change/change Role FAILED because (of) Variable 'Australian' is not defined for test case."/>
         <system-out><![CDATA[2018-07-24 16:35:52 - [TEST_CASE][ERROR] - Test Cases/Role Change/change Role: Test Cases/Role Change/change Role FAILED because (of) Variable 'Australian' is not defined for test case.

2018-07-24 16:35:52 - [TEST_STEP][PASSED] - click: Object: 'Object Repository/change nationality/Page_OrangeHRM/b_PIM' is clicked on

2018-07-24 16:35:54 - [MESSAGE][PASSED] - Object: 'Object Repository/change nationality/Page_OrangeHRM/b_PIM' is clicked on

2018-07-24 16:35:54 - [TEST_STEP][PASSED] - click: Object: 'Object Repository/change nationality/Page_OrangeHRM/a_Employee List' is clicked on

2018-07-24 16:35:54 - [MESSAGE][PASSED] - Object: 'Object Repository/change nationality/Page_OrangeHRM/a_Employee List' is clicked on

2018-07-24 16:35:54 - [TEST_STEP][PASSED] - click: Object: 'Object Repository/change nationality/Page_OrangeHRM/a_Jasmine' is clicked on

2018-07-24 16:35:56 - [MESSAGE][PASSED] - Object: 'Object Repository/change nationality/Page_OrangeHRM/a_Jasmine' is clicked on

2018-07-24 16:35:56 - [TEST_STEP][PASSED] - click: Object: 'Object Repository/change nationality/Page_OrangeHRM/input_btnSave' is clicked on

2018-07-24 16:35:56 - [MESSAGE][PASSED] - Object: 'Object Repository/change nationality/Page_OrangeHRM/input_btnSave' is clicked on

2018-07-24 16:35:56 - [TEST_STEP][PASSED] - selectOptionByValue: All options with value '10' are selected in object 'Object Repository/change nationality/Page_OrangeHRM/select_-- Select --AfghanAlban'  using regular expression

2018-07-24 16:35:57 - [MESSAGE][PASSED] - All options with value '10' are selected in object 'Object Repository/change nationality/Page_OrangeHRM/select_-- Select --AfghanAlban'  using regular expression

2018-07-24 16:35:57 - [TEST_STEP][PASSED] - getText: Text of object 'Object Repository/change nationality/Page_OrangeHRM/select_-- Select --AfghanAlban' is: '-- Select --
Afghan
Albanian
Algerian
American
Andorran
Angolan
Antiguans
Argentinean
Armenian
Australian
Austrian
Azerbaijani
Bahamian
Bahraini
Bangladeshi
Barbadian
Barbudans
Batswana
Belarusian
Belgian
Belizean
Beninese
Bhutanese
Bolivian
Bosnian
Brazilian
British
Bruneian
Bulgarian
Burkinabe
Burmese
Burundian
Cambodian
Cameroonian
Canadian
Cape Verdean
Central African
Chadian
Chilean
Chinese
Colombian
Comoran
Congolese
Costa Rican
Croatian
Cuban
Cypriot
Czech
Danish
Djibouti
Dominican
Dutch
East Timorese
Ecuadorean
Egyptian
Emirian
Equatorial Guinean
Eritrean
Estonian
Ethiopian
Fijian
Filipino
Finnish
French
Gabonese
Gambian
Georgian
German
Ghanaian
Greek
Grenadian
Guatemalan
Guinea-Bissauan
Guinean
Guyanese
Haitian
Herzegovinian
Honduran
Hungarian
I-Kiribati
Icelander
Indian
Indonesian
Iranian
Iraqi
Irish
Israeli
Italian
Ivorian
Jamaican
Japanese
Jordanian
Kazakhstani
Kenyan
Kittian and Nevisian
Kuwaiti
Kyrgyz
Laotian
Latvian
Lebanese
Liberian
Libyan
Liechtensteiner
Lithuanian
Luxembourger
Macedonian
Malagasy
Malawian
Malaysian
Maldivan
Malian
Maltese
Marshallese
Mauritanian
Mauritian
Mexican
Micronesian
Moldovan
Monacan
Mongolian
Moroccan
Mosotho
Motswana
Mozambican
Namibian
Nauruan
Nepalese
New Zealander
Nicaraguan
Nigerian
Nigerien
North Korean
Northern Irish
Norwegian
Omani
Pakistani
Palauan
Panamanian
Papua New Guinean
Paraguayan
Peruvian
Polish
Portuguese
Qatari
Romanian
Russian
Rwandan
Saint Lucian
Salvadoran
Samoan
San Marinese
Sao Tomean
Saudi
Scottish
Senegalese
Serbian
Seychellois
Sierra Leonean
Singaporean
Slovakian
Slovenian
Solomon Islander
Somali
South African
South Korean
Spanish
Sri Lankan
Sudanese
Surinamer
Swazi
Swedish
Swiss
Syrian
Taiwanese
Tajik
Tanzanian
Thai
Togolese
Tongan
Trinidadian or Tobagonian
Tunisian
Turkish
Tuvaluan
Ugandan
Ukrainian
Uruguayan
Uzbekistani
Venezuelan
Vietnamese
Welsh
Yemenite
Zambian
Zimbabwean'

2018-07-24 16:35:57 - [MESSAGE][PASSED] - Text of object 'Object Repository/change nationality/Page_OrangeHRM/select_-- Select --AfghanAlban' is: '-- Select --
Afghan
Albanian
Algerian
American
Andorran
Angolan
Antiguans
Argentinean
Armenian
Australian
Austrian
Azerbaijani
Bahamian
Bahraini
Bangladeshi
Barbadian
Barbudans
Batswana
Belarusian
Belgian
Belizean
Beninese
Bhutanese
Bolivian
Bosnian
Brazilian
British
Bruneian
Bulgarian
Burkinabe
Burmese
Burundian
Cambodian
Cameroonian
Canadian
Cape Verdean
Central African
Chadian
Chilean
Chinese
Colombian
Comoran
Congolese
Costa Rican
Croatian
Cuban
Cypriot
Czech
Danish
Djibouti
Dominican
Dutch
East Timorese
Ecuadorean
Egyptian
Emirian
Equatorial Guinean
Eritrean
Estonian
Ethiopian
Fijian
Filipino
Finnish
French
Gabonese
Gambian
Georgian
German
Ghanaian
Greek
Grenadian
Guatemalan
Guinea-Bissauan
Guinean
Guyanese
Haitian
Herzegovinian
Honduran
Hungarian
I-Kiribati
Icelander
Indian
Indonesian
Iranian
Iraqi
Irish
Israeli
Italian
Ivorian
Jamaican
Japanese
Jordanian
Kazakhstani
Kenyan
Kittian and Nevisian
Kuwaiti
Kyrgyz
Laotian
Latvian
Lebanese
Liberian
Libyan
Liechtensteiner
Lithuanian
Luxembourger
Macedonian
Malagasy
Malawian
Malaysian
Maldivan
Malian
Maltese
Marshallese
Mauritanian
Mauritian
Mexican
Micronesian
Moldovan
Monacan
Mongolian
Moroccan
Mosotho
Motswana
Mozambican
Namibian
Nauruan
Nepalese
New Zealander
Nicaraguan
Nigerian
Nigerien
North Korean
Northern Irish
Norwegian
Omani
Pakistani
Palauan
Panamanian
Papua New Guinean
Paraguayan
Peruvian
Polish
Portuguese
Qatari
Romanian
Russian
Rwandan
Saint Lucian
Salvadoran
Samoan
San Marinese
Sao Tomean
Saudi
Scottish
Senegalese
Serbian
Seychellois
Sierra Leonean
Singaporean
Slovakian
Slovenian
Solomon Islander
Somali
South African
South Korean
Spanish
Sri Lankan
Sudanese
Surinamer
Swazi
Swedish
Swiss
Syrian
Taiwanese
Tajik
Tanzanian
Thai
Togolese
Tongan
Trinidadian or Tobagonian
Tunisian
Turkish
Tuvaluan
Ugandan
Ukrainian
Uruguayan
Uzbekistani
Venezuelan
Vietnamese
Welsh
Yemenite
Zambian
Zimbabwean'

2018-07-24 16:35:57 - [TEST_STEP][PASSED] - click: Object: 'Object Repository/change nationality/Page_OrangeHRM/input_btnSave' is clicked on

2018-07-24 16:35:58 - [MESSAGE][PASSED] - Object: 'Object Repository/change nationality/Page_OrangeHRM/input_btnSave' is clicked on

2018-07-24 16:35:58 - [TEST_STEP][PASSED] - click: Object: 'Object Repository/change nationality/Page_OrangeHRM/b_PIM' is clicked on

2018-07-24 16:35:59 - [MESSAGE][PASSED] - Object: 'Object Repository/change nationality/Page_OrangeHRM/b_PIM' is clicked on

2018-07-24 16:35:59 - [TEST_STEP][PASSED] - click: Object: 'Object Repository/change nationality/Page_OrangeHRM/a_Jasmine' is clicked on

2018-07-24 16:36:00 - [MESSAGE][PASSED] - Object: 'Object Repository/change nationality/Page_OrangeHRM/a_Jasmine' is clicked on

2018-07-24 16:36:00 - [TEST_STEP][PASSED] - verifyElementText: Finding Test Object with id 'Object Repository/change nationality/Page_OrangeHRM/select_-- Select --AfghanAlban']]></system-out>
         <system-err><![CDATA[2018-07-24 16:35:52 - [TEST_CASE][ERROR] - Test Cases/Role Change/change Role: Test Cases/Role Change/change Role FAILED because (of) Variable 'Australian' is not defined for test case.]]></system-err>
      </testcase>
      <system-out><![CDATA[2018-07-24 16:35:20 - [TEST_SUITE][ERROR] - orange: Test Cases/Role Change/change Role FAILED because (of) Variable 'Australian' is not defined for test case.]]></system-out>
      <system-err><![CDATA[2018-07-24 16:35:20 - [TEST_SUITE][ERROR] - orange: Test Cases/Role Change/change Role FAILED because (of) Variable 'Australian' is not defined for test case.]]></system-err>
   </testsuite>
</testsuites>
