<?xml version="1.0" encoding="UTF-8"?>
<testsuites name="testuit1" time="40" tests="1" failures="0" errors="0">
   <testsuite name="testuit1" tests="1" failures="0" errors="0" time="40" timestamp="2018-07-25 11:02:48" hostname="slk - WSLK1FFTRFW-22" id="Test Suites/day2/testuit1">
      <properties>
         <property name="deviceName" value=""/>
         <property name="devicePlatform" value=""/>
         <property name="logFolder" value="C:\\Users\\slk.WSLK1FFTRFW-22.040\\Katalon Studio\\Demo\\Reports\\day2\\testuit1\\20180725_110245"/>
         <property name="logFiles" value="C:\\Users\\slk.WSLK1FFTRFW-22.040\\Katalon Studio\\Demo\\Reports\\day2\\testuit1\\20180725_110245\\execution0.log"/>
         <property name="attachments" value=""/>
         <property name="hostName" value="slk - WSLK1FFTRFW-22"/>
         <property name="os" value="Windows 7 64bit"/>
         <property name="katalonVersion" value="5.5.0.1"/>
         <property name="browser" value="Firefox 51.0"/>
         <property name="hostAddress" value="10.10.10.31"/>
         <property name="sessionId" value="a1a2e140-628a-459e-a7da-92ebf9b00314"/>
         <property name="seleniumVersion" value="3.7.1"/>
         <property name="proxyInformation" value="ProxyInformation{proxyOption=NO_PROXY, proxyServerType=HTTP, password=, proxyServerAddress=, proxyServerPort=0}"/>
         <property name="platform" value="Windows 7"/>
      </properties>
      <testcase name="Test Cases/Day2/test2" classname="Test Cases/Day2/test2" status="PASSED">
         <system-out><![CDATA[2018-07-25 11:02:48 - [TEST_CASE][PASSED] - Test Cases/Day2/test2: Test Cases/Day2/test2

2018-07-25 11:02:49 - [TEST_STEP][PASSED] - openBrowser: Browser is opened with url: ''

2018-07-25 11:03:22 - [MESSAGE][PASSED] - Browser is opened with url: ''

2018-07-25 11:03:22 - [TEST_STEP][PASSED] - navigateToUrl: Navigate to 'https://opensource-demo.orangehrmlive.com' successfully

2018-07-25 11:03:26 - [MESSAGE][PASSED] - Navigate to 'https://opensource-demo.orangehrmlive.com' successfully

2018-07-25 11:03:26 - [TEST_STEP][PASSED] - click: Object: 'Object Repository/day2/test2/Page_OrangeHRM/span_Username' is clicked on

2018-07-25 11:03:27 - [MESSAGE][PASSED] - Object: 'Object Repository/day2/test2/Page_OrangeHRM/span_Username' is clicked on

2018-07-25 11:03:27 - [TEST_STEP][PASSED] - setText: Text 'Adminstag' is set on object 'Object Repository/day2/test2/Page_OrangeHRM/input_txtUsername'

2018-07-25 11:03:27 - [MESSAGE][PASSED] - Text 'Adminstag' is set on object 'Object Repository/day2/test2/Page_OrangeHRM/input_txtUsername'

2018-07-25 11:03:27 - [TEST_STEP][PASSED] - setText: Text 'admin123' is set on object 'Object Repository/day2/test2/Page_OrangeHRM/input_txtPassword'

2018-07-25 11:03:27 - [MESSAGE][PASSED] - Text 'admin123' is set on object 'Object Repository/day2/test2/Page_OrangeHRM/input_txtPassword'

2018-07-25 11:03:27 - [TEST_STEP][PASSED] - click: Object: 'Object Repository/day2/test2/Page_OrangeHRM/input_Submit' is clicked on

2018-07-25 11:03:28 - [MESSAGE][PASSED] - Object: 'Object Repository/day2/test2/Page_OrangeHRM/input_Submit' is clicked on

2018-07-25 11:03:28 - [TEST_STEP][PASSED] - closeBrowser: Browser is closed

2018-07-25 11:03:28 - [MESSAGE][PASSED] - Browser is closed]]></system-out>
         <system-err><![CDATA[]]></system-err>
      </testcase>
      <system-out><![CDATA[2018-07-25 11:02:48 - [TEST_SUITE][PASSED] - testuit1: Test Cases/Day2/test2]]></system-out>
      <system-err><![CDATA[]]></system-err>
   </testsuite>
</testsuites>
