<?xml version="1.0" encoding="UTF-8"?>
<testsuites name="orange" time="34" tests="2" failures="0" errors="0">
   <testsuite name="orange" tests="2" failures="0" errors="0" time="34" timestamp="2018-07-24 15:26:25" hostname="slk - WSLK1FFTRFW-22" id="Test Suites/orange">
      <properties>
         <property name="deviceName" value=""/>
         <property name="devicePlatform" value=""/>
         <property name="logFolder" value="C:\\Users\\slk.WSLK1FFTRFW-22.040\\Katalon Studio\\Demo\\Reports\\orange\\20180724_152623"/>
         <property name="logFiles" value="C:\\Users\\slk.WSLK1FFTRFW-22.040\\Katalon Studio\\Demo\\Reports\\orange\\20180724_152623\\execution0.log"/>
         <property name="attachments" value=""/>
         <property name="hostName" value="slk - WSLK1FFTRFW-22"/>
         <property name="os" value="Windows 7 64bit"/>
         <property name="katalonVersion" value="5.5.0.1"/>
         <property name="browser" value="Chrome 67.0.3396.99"/>
         <property name="hostAddress" value="10.10.10.31"/>
         <property name="sessionId" value="6c7c495406d4cf1b75dbd077f2c7916c"/>
         <property name="seleniumVersion" value="3.7.1"/>
         <property name="proxyInformation" value="ProxyInformation{proxyOption=NO_PROXY, proxyServerType=HTTP, password=, proxyServerAddress=, proxyServerPort=0}"/>
         <property name="platform" value="Windows 7"/>
      </properties>
      <testcase name="Test Cases/Login1/login" classname="Test Cases/Login1/login" status="PASSED">
         <system-out><![CDATA[2018-07-24 15:26:25 - [TEST_CASE][PASSED] - Test Cases/Login1/login: Test Cases/Login1/login

2018-07-24 15:26:25 - [TEST_STEP][PASSED] - openBrowser: Browser is opened with url: ''

2018-07-24 15:26:49 - [MESSAGE][PASSED] - Browser is opened with url: ''

2018-07-24 15:26:49 - [TEST_STEP][PASSED] - navigateToUrl: Navigate to 'https://opensource-demo.orangehrmlive.com' successfully

2018-07-24 15:26:54 - [MESSAGE][PASSED] - Navigate to 'https://opensource-demo.orangehrmlive.com' successfully

2018-07-24 15:26:54 - [TEST_STEP][PASSED] - setText: Text 'Admin' is set on object 'Object Repository/Login1objects/Page_OrangeHRM/Page_OrangeHRM/input_txtUsername'

2018-07-24 15:26:54 - [MESSAGE][PASSED] - Text 'Admin' is set on object 'Object Repository/Login1objects/Page_OrangeHRM/Page_OrangeHRM/input_txtUsername'

2018-07-24 15:26:54 - [TEST_STEP][PASSED] - setText: Text 'admin123' is set on object 'Object Repository/Login1objects/Page_OrangeHRM/Page_OrangeHRM/input_txtPassword'

2018-07-24 15:26:54 - [MESSAGE][PASSED] - Text 'admin123' is set on object 'Object Repository/Login1objects/Page_OrangeHRM/Page_OrangeHRM/input_txtPassword'

2018-07-24 15:26:54 - [TEST_STEP][PASSED] - click: Object: 'Object Repository/Login1objects/Page_OrangeHRM/input_Submit' is clicked on

2018-07-24 15:26:58 - [MESSAGE][PASSED] - Object: 'Object Repository/Login1objects/Page_OrangeHRM/input_Submit' is clicked on]]></system-out>
         <system-err><![CDATA[]]></system-err>
      </testcase>
      <testcase name="Test Cases/ValidateLinks/validateLinks" classname="Test Cases/ValidateLinks/validateLinks" status="PASSED">
         <system-out><![CDATA[2018-07-24 15:26:58 - [TEST_CASE][PASSED] - Test Cases/ValidateLinks/validateLinks: Test Cases/ValidateLinks/validateLinks

2018-07-24 15:26:59 - [TEST_STEP][PASSED] - verifyElementPresent: Object 'Object Repository/ValidateLinks/Page_OrangeHRM/b_Admin' is present

2018-07-24 15:26:59 - [MESSAGE][WARNING] - Timeout '0' is invalid. Using default page load timeout: '20'

2018-07-24 15:26:59 - [MESSAGE][PASSED] - Object 'Object Repository/ValidateLinks/Page_OrangeHRM/b_Admin' is present

2018-07-24 15:26:59 - [TEST_STEP][PASSED] - verifyElementPresent: Object 'Object Repository/ValidateLinks/Page_OrangeHRM/b_Directory' is present

2018-07-24 15:26:59 - [MESSAGE][WARNING] - Timeout '0' is invalid. Using default page load timeout: '20'

2018-07-24 15:26:59 - [MESSAGE][PASSED] - Object 'Object Repository/ValidateLinks/Page_OrangeHRM/b_Directory' is present

2018-07-24 15:26:59 - [TEST_STEP][PASSED] - verifyElementPresent: Object 'Object Repository/ValidateLinks/Page_OrangeHRM/b_Performance' is present

2018-07-24 15:26:59 - [MESSAGE][WARNING] - Timeout '0' is invalid. Using default page load timeout: '20'

2018-07-24 15:26:59 - [MESSAGE][PASSED] - Object 'Object Repository/ValidateLinks/Page_OrangeHRM/b_Performance' is present

2018-07-24 15:26:59 - [TEST_STEP][PASSED] - verifyElementPresent: Object 'Object Repository/ValidateLinks/Page_OrangeHRM/b_PIM' is present

2018-07-24 15:26:59 - [MESSAGE][WARNING] - Timeout '0' is invalid. Using default page load timeout: '20'

2018-07-24 15:26:59 - [MESSAGE][PASSED] - Object 'Object Repository/ValidateLinks/Page_OrangeHRM/b_PIM' is present

2018-07-24 15:26:59 - [TEST_STEP][PASSED] - verifyElementPresent: Object 'Object Repository/ValidateLinks/Page_OrangeHRM/b_Recruitment' is present

2018-07-24 15:26:59 - [MESSAGE][WARNING] - Timeout '0' is invalid. Using default page load timeout: '20'

2018-07-24 15:26:59 - [MESSAGE][PASSED] - Object 'Object Repository/ValidateLinks/Page_OrangeHRM/b_Recruitment' is present

2018-07-24 15:26:59 - [TEST_STEP][PASSED] - verifyElementPresent: Object 'Object Repository/ValidateLinks/Page_OrangeHRM/b_Time' is present

2018-07-24 15:26:59 - [MESSAGE][WARNING] - Timeout '0' is invalid. Using default page load timeout: '20'

2018-07-24 15:26:59 - [MESSAGE][PASSED] - Object 'Object Repository/ValidateLinks/Page_OrangeHRM/b_Time' is present

2018-07-24 15:26:59 - [TEST_STEP][PASSED] - closeBrowser: Browser is closed

2018-07-24 15:26:59 - [MESSAGE][PASSED] - Browser is closed]]></system-out>
         <system-err><![CDATA[]]></system-err>
      </testcase>
      <system-out><![CDATA[2018-07-24 15:26:25 - [TEST_SUITE][PASSED] - orange: Test Cases/ValidateLinks/validateLinks]]></system-out>
      <system-err><![CDATA[]]></system-err>
   </testsuite>
</testsuites>
